Determining if the log exist failed with the following output:
Change Dir: /mnt/c/Users/jwcha/rtos/testApp/cmake_paractice/Step5_build/CMakeFiles/CMakeTmp

Run Build Command(s):/usr/bin/make cmTC_c4609/fast && /usr/bin/make  -f CMakeFiles/cmTC_c4609.dir/build.make CMakeFiles/cmTC_c4609.dir/build
make[1]: Entering directory '/mnt/c/Users/jwcha/rtos/testApp/cmake_paractice/Step5_build/CMakeFiles/CMakeTmp'
Building C object CMakeFiles/cmTC_c4609.dir/CheckSymbolExists.c.o
/usr/bin/cc    -o CMakeFiles/cmTC_c4609.dir/CheckSymbolExists.c.o -c /mnt/c/Users/jwcha/rtos/testApp/cmake_paractice/Step5_build/CMakeFiles/CMakeTmp/CheckSymbolExists.c
Linking C executable cmTC_c4609
/usr/bin/cmake -E cmake_link_script CMakeFiles/cmTC_c4609.dir/link.txt --verbose=1
/usr/bin/cc CMakeFiles/cmTC_c4609.dir/CheckSymbolExists.c.o -o cmTC_c4609 
CMakeFiles/cmTC_c4609.dir/CheckSymbolExists.c.o: In function `main':
CheckSymbolExists.c:(.text+0x1b): undefined reference to `log'
collect2: error: ld returned 1 exit status
CMakeFiles/cmTC_c4609.dir/build.make:105: recipe for target 'cmTC_c4609' failed
make[1]: *** [cmTC_c4609] Error 1
make[1]: Leaving directory '/mnt/c/Users/jwcha/rtos/testApp/cmake_paractice/Step5_build/CMakeFiles/CMakeTmp'
Makefile:140: recipe for target 'cmTC_c4609/fast' failed
make: *** [cmTC_c4609/fast] Error 2


File /mnt/c/Users/jwcha/rtos/testApp/cmake_paractice/Step5_build/CMakeFiles/CMakeTmp/CheckSymbolExists.c:
/* */
#include <math.h>

int main(int argc, char** argv)
{
  (void)argv;
#ifndef log
  return ((int*)(&log))[argc];
#else
  (void)argc;
  return 0;
#endif
}
Determining if the exp exist failed with the following output:
Change Dir: /mnt/c/Users/jwcha/rtos/testApp/cmake_paractice/Step5_build/CMakeFiles/CMakeTmp

Run Build Command(s):/usr/bin/make cmTC_a6008/fast && /usr/bin/make  -f CMakeFiles/cmTC_a6008.dir/build.make CMakeFiles/cmTC_a6008.dir/build
make[1]: Entering directory '/mnt/c/Users/jwcha/rtos/testApp/cmake_paractice/Step5_build/CMakeFiles/CMakeTmp'
Building C object CMakeFiles/cmTC_a6008.dir/CheckSymbolExists.c.o
/usr/bin/cc    -o CMakeFiles/cmTC_a6008.dir/CheckSymbolExists.c.o -c /mnt/c/Users/jwcha/rtos/testApp/cmake_paractice/Step5_build/CMakeFiles/CMakeTmp/CheckSymbolExists.c
Linking C executable cmTC_a6008
/usr/bin/cmake -E cmake_link_script CMakeFiles/cmTC_a6008.dir/link.txt --verbose=1
/usr/bin/cc CMakeFiles/cmTC_a6008.dir/CheckSymbolExists.c.o -o cmTC_a6008 
CMakeFiles/cmTC_a6008.dir/CheckSymbolExists.c.o: In function `main':
CheckSymbolExists.c:(.text+0x1b): undefined reference to `exp'
collect2: error: ld returned 1 exit status
CMakeFiles/cmTC_a6008.dir/build.make:105: recipe for target 'cmTC_a6008' failed
make[1]: *** [cmTC_a6008] Error 1
make[1]: Leaving directory '/mnt/c/Users/jwcha/rtos/testApp/cmake_paractice/Step5_build/CMakeFiles/CMakeTmp'
Makefile:140: recipe for target 'cmTC_a6008/fast' failed
make: *** [cmTC_a6008/fast] Error 2


File /mnt/c/Users/jwcha/rtos/testApp/cmake_paractice/Step5_build/CMakeFiles/CMakeTmp/CheckSymbolExists.c:
/* */
#include <math.h>

int main(int argc, char** argv)
{
  (void)argv;
#ifndef exp
  return ((int*)(&exp))[argc];
#else
  (void)argc;
  return 0;
#endif
}
